D:\VSPROJECTS\LEARNINGOUTSIDE\MYFIRSTG\MYFIRSTG\DEBUG\CAMERA2D.OBJ
D:\VSPROJECTS\LEARNINGOUTSIDE\MYFIRSTG\MYFIRSTG\DEBUG\GAMEOBJECT.OBJ
D:\VSPROJECTS\LEARNINGOUTSIDE\MYFIRSTG\MYFIRSTG\DEBUG\GAMESTATE.OBJ
D:\VSPROJECTS\LEARNINGOUTSIDE\MYFIRSTG\MYFIRSTG\DEBUG\INPUTCONTROL.OBJ
D:\VSPROJECTS\LEARNINGOUTSIDE\MYFIRSTG\MYFIRSTG\DEBUG\MAIN.OBJ
D:\VSPROJECTS\LEARNINGOUTSIDE\MYFIRSTG\MYFIRSTG\DEBUG\MAINGAME.OBJ
D:\VSPROJECTS\LEARNINGOUTSIDE\MYFIRSTG\MYFIRSTG\DEBUG\OBJBBOX.OBJ
D:\VSPROJECTS\LEARNINGOUTSIDE\MYFIRSTG\MYFIRSTG\DEBUG\PHYSICS.OBJ
D:\VSPROJECTS\LEARNINGOUTSIDE\MYFIRSTG\MYFIRSTG\DEBUG\GRAPHICS.OBJ
D:\VSPROJECTS\LEARNINGOUTSIDE\MYFIRSTG\MYFIRSTG\DEBUG\PLAYER.OBJ
D:\VSPROJECTS\LEARNINGOUTSIDE\MYFIRSTG\MYFIRSTG\DEBUG\QUADTREE.OBJ
D:\VSPROJECTS\LEARNINGOUTSIDE\MYFIRSTG\MYFIRSTG\DEBUG\RESOURCEMANAGER.OBJ
D:\VSPROJECTS\LEARNINGOUTSIDE\MYFIRSTG\MYFIRSTG\DEBUG\SCENEMANAGER.OBJ
D:\VSPROJECTS\LEARNINGOUTSIDE\MYFIRSTG\MYFIRSTG\DEBUG\SHADER.OBJ
D:\VSPROJECTS\LEARNINGOUTSIDE\MYFIRSTG\MYFIRSTG\DEBUG\SPRITE.OBJ
D:\VSPROJECTS\LEARNINGOUTSIDE\MYFIRSTG\MYFIRSTG\DEBUG\SPRITEBATCH.OBJ
D:\VSPROJECTS\LEARNINGOUTSIDE\MYFIRSTG\MYFIRSTG\DEBUG\STB_IMAGE.OBJ
D:\VSPROJECTS\LEARNINGOUTSIDE\MYFIRSTG\MYFIRSTG\DEBUG\TEXTURE2D.OBJ
D:\VSPROJECTS\LEARNINGOUTSIDE\MYFIRSTG\MYFIRSTG\DEBUG\TILEMAP.OBJ
D:\VSPROJECTS\LEARNINGOUTSIDE\MYFIRSTG\MYFIRSTG\DEBUG\WINDOW.OBJ
D:\VSPROJECTS\LEARNINGOUTSIDE\MYFIRSTG\MYFIRSTG\DEBUG\ANIMATOR.OBJ
D:\VSPROJECTS\LEARNINGOUTSIDE\MYFIRSTG\MYFIRSTG\DEBUG\APPLICATION.OBJ
D:\VSPROJECTS\LEARNINGOUTSIDE\MYFIRSTG\MYFIRSTG\DEBUG\VC110.PDB
D:\VSPROJECTS\LEARNINGOUTSIDE\MYFIRSTG\MYFIRSTG\DEBUG\GLAD.OBJ
D:\VSPROJECTS\LEARNINGOUTSIDE\MYFIRSTG\DEBUG\MYFIRSTG.ILK
D:\VSPROJECTS\LEARNINGOUTSIDE\MYFIRSTG\DEBUG\MYFIRSTG.EXE
D:\VSPROJECTS\LEARNINGOUTSIDE\MYFIRSTG\DEBUG\MYFIRSTG.PDB
D:\VSProjects\LearningOutside\MyFirstG\MyFirstG\Debug\Animator.obj
D:\VSProjects\LearningOutside\MyFirstG\MyFirstG\Debug\Application.obj
D:\VSProjects\LearningOutside\MyFirstG\MyFirstG\Debug\Camera2D.obj
D:\VSProjects\LearningOutside\MyFirstG\MyFirstG\Debug\GameObject.obj
D:\VSProjects\LearningOutside\MyFirstG\MyFirstG\Debug\gameState.obj
D:\VSProjects\LearningOutside\MyFirstG\MyFirstG\Debug\glad.obj
D:\VSProjects\LearningOutside\MyFirstG\MyFirstG\Debug\Graphics.obj
D:\VSProjects\LearningOutside\MyFirstG\MyFirstG\Debug\InputControl.obj
D:\VSProjects\LearningOutside\MyFirstG\MyFirstG\Debug\main.obj
D:\VSProjects\LearningOutside\MyFirstG\MyFirstG\Debug\mainGame.obj
D:\VSProjects\LearningOutside\MyFirstG\MyFirstG\Debug\ObjBBox.obj
D:\VSProjects\LearningOutside\MyFirstG\MyFirstG\Debug\Physics.obj
D:\VSProjects\LearningOutside\MyFirstG\MyFirstG\Debug\Player.obj
D:\VSProjects\LearningOutside\MyFirstG\MyFirstG\Debug\QuadTree.obj
D:\VSProjects\LearningOutside\MyFirstG\MyFirstG\Debug\ResourceManager.obj
D:\VSProjects\LearningOutside\MyFirstG\MyFirstG\Debug\SceneManager.obj
D:\VSProjects\LearningOutside\MyFirstG\MyFirstG\Debug\Shader.obj
D:\VSProjects\LearningOutside\MyFirstG\MyFirstG\Debug\Sprite.obj
D:\VSProjects\LearningOutside\MyFirstG\MyFirstG\Debug\SpriteBatch.obj
D:\VSProjects\LearningOutside\MyFirstG\MyFirstG\Debug\stb_image.obj
D:\VSProjects\LearningOutside\MyFirstG\MyFirstG\Debug\Texture2D.obj
D:\VSProjects\LearningOutside\MyFirstG\MyFirstG\Debug\TileMap.obj
D:\VSProjects\LearningOutside\MyFirstG\MyFirstG\Debug\Window.obj
D:\VSProjects\LearningOutside\MyFirstG\MyFirstG\Debug\cl.command.1.tlog
D:\VSProjects\LearningOutside\MyFirstG\MyFirstG\Debug\CL.read.1.tlog
D:\VSProjects\LearningOutside\MyFirstG\MyFirstG\Debug\CL.write.1.tlog
D:\VSProjects\LearningOutside\MyFirstG\MyFirstG\Debug\link-cvtres.read.1.tlog
D:\VSProjects\LearningOutside\MyFirstG\MyFirstG\Debug\link-cvtres.write.1.tlog
D:\VSProjects\LearningOutside\MyFirstG\MyFirstG\Debug\link-rc.read.1.tlog
D:\VSProjects\LearningOutside\MyFirstG\MyFirstG\Debug\link-rc.write.1.tlog
D:\VSProjects\LearningOutside\MyFirstG\MyFirstG\Debug\link.command.1.tlog
D:\VSProjects\LearningOutside\MyFirstG\MyFirstG\Debug\link.read.1.tlog
D:\VSProjects\LearningOutside\MyFirstG\MyFirstG\Debug\link.write.1.tlog
D:\VSProjects\LearningOutside\MyFirstG\MyFirstG\Debug\vc110.idb
D:\VSProjects\LearningOutside\MyFirstG\MyFirstG\Debug\vc110.pdb
D:\VSProjects\LearningOutside\MyFirstG\Debug\MyFirstG.pdb
D:\VSProjects\LearningOutside\MyFirstG\Debug\MyFirstG.exe
D:\VSProjects\LearningOutside\MyFirstG\Debug\MyFirstG.ilk
